<?xml version="1.0" encoding="UTF-8"?>
<!-- Generated by org.testng.reporters.JUnitXMLReporter -->
<testsuite ignored="1" hostname="DESKTOP-BMBA81U" failures="1" tests="1" name="Test" time="0.04" errors="0" timestamp="2025-01-23T02:54:50 IST">
  <testcase classname="seleniumtest.SeleniumFirstTest" name="test2" time="0.0">
    <failure type="org.testng.TestNGException" message="
Method void seleniumtest.SeleniumFirstTest.test2(java.lang.String) requires a @DataProvider named : dp">
      <![CDATA[org.testng.TestNGException: 
Method void seleniumtest.SeleniumFirstTest.test2(java.lang.String) requires a @DataProvider named : dp
at java.base/java.util.ArrayList.forEach(ArrayList.java:1596)
... Removed 24 stack frames]]>
    </failure>
  </testcase> <!-- test2 -->
  <testcase classname="seleniumtest.SeleniumFirstTest" name="test1" time="0.0">
    <ignored/>
  </testcase> <!-- test1 -->
</testsuite> <!-- Test -->
